{"numTotalTestSuites":8,"numPassedTestSuites":7,"numFailedTestSuites":1,"numPendingTestSuites":0,"numTotalTests":10,"numPassedTests":10,"numFailedTests":0,"numPendingTests":0,"numTodoTests":0,"startTime":1759129021478,"success":false,"testResults":[{"assertionResults":[{"ancestorTitles":["","Application Entry Point","Environment Variables"],"fullName":" Application Entry Point Environment Variables should use default port when PORT not set","status":"passed","title":"should use default port when PORT not set","duration":2,"failureMessages":[]},{"ancestorTitles":["","Application Entry Point","Environment Variables"],"fullName":" Application Entry Point Environment Variables should use custom port when PORT is set","status":"passed","title":"should use custom port when PORT is set","duration":1,"failureMessages":[]},{"ancestorTitles":["","Application Entry Point","Environment Variables"],"fullName":" Application Entry Point Environment Variables should handle NODE_ENV test environment","status":"passed","title":"should handle NODE_ENV test environment","duration":0,"failureMessages":[]},{"ancestorTitles":["","Application Entry Point","Signal Handling"],"fullName":" Application Entry Point Signal Handling should register SIGTERM handler","status":"passed","title":"should register SIGTERM handler","duration":1,"failureMessages":[]},{"ancestorTitles":["","Application Entry Point","Signal Handling"],"fullName":" Application Entry Point Signal Handling should register SIGINT handler","status":"passed","title":"should register SIGINT handler","duration":0,"failureMessages":[]},{"ancestorTitles":["","Application Entry Point","Error Handling"],"fullName":" Application Entry Point Error Handling should handle startup errors","status":"passed","title":"should handle startup errors","duration":1,"failureMessages":[]},{"ancestorTitles":["","Application Entry Point","Error Handling"],"fullName":" Application Entry Point Error Handling should exit with code 1 on startup failure","status":"passed","title":"should exit with code 1 on startup failure","duration":2,"failureMessages":[]},{"ancestorTitles":["","Application Entry Point","Global App Exposure"],"fullName":" Application Entry Point Global App Exposure should expose app in test environment","status":"passed","title":"should expose app in test environment","duration":1,"failureMessages":[]},{"ancestorTitles":["","Application Entry Point","Global App Exposure"],"fullName":" Application Entry Point Global App Exposure should not expose app in production","status":"passed","title":"should not expose app in production","duration":0,"failureMessages":[]}],"startTime":1759129022777,"endTime":1759129022785,"status":"passed","message":"","name":"/Users/a004/Library/Mobile Documents/com~apple~CloudDocs/Documents/CODE_PROJECTS/plasma-engine-org/plasma-engine-gateway/tests/index.test.ts"},{"assertionResults":[{"ancestorTitles":["","Gateway server"],"fullName":" Gateway server exposes an HTTP server instance","status":"pending","title":"exposes an HTTP server instance","failureMessages":[]}],"startTime":1759129021478,"endTime":1759129021478,"status":"failed","message":"","name":"/Users/a004/Library/Mobile Documents/com~apple~CloudDocs/Documents/CODE_PROJECTS/plasma-engine-org/plasma-engine-gateway/tests/server.test.ts"}]}